Messages
========

src\forecastga\__init__.py
  Line: 43
    pep8: N803 / argument name 'GPU' should be lowercase (col 10)
  Line: 95
    pyflakes: F821 / undefined name 'df' (col 9)

src\forecastga\ensembles.py
  Line: 95
    pylint: too-many-statements / Too many statements (56/50)
  Line: 171
    pep8: E231 / missing whitespace after ',' (col 39)
  Line: 191
    pep8: E203 / whitespace before ':' (col 37)

src\forecastga\googleanalytics\__init__.py
  Line: 4
    pyflakes: F401 / 're' imported but unused (col 1)
  Line: 7
    pyflakes: F401 / '.auth' imported but unused (col 1)
  Line: 17
    pyflakes: F401 / '.auth.authenticate' imported but unused (col 1)
  Line: 18
    pyflakes: F401 / '.blueprint.Blueprint' imported but unused (col 1)

src\forecastga\googleanalytics\account.py
  Line: 236
    pylint: abstract-method / Method 'goals' is abstract in class 'ReportingAPI' but is not overridden
  Line: 241
    pylint: abstract-method / Method 'goals' is abstract in class 'ReportingAPI' but is not overridden

src\forecastga\googleanalytics\auth\__init__.py
  Line: 95
    pylint: broad-except / Catching too general exception Exception (col 11)
    pylint: broad-except / Catching too general exception Exception (col 11)
  Line: 118
    pylint: pointless-string-statement / String statement has no effect
    pylint: pointless-string-statement / String statement has no effect

src\forecastga\googleanalytics\auth\credentials.py
  Line: 30
    pylint: unused-argument / Unused argument 'params'
    pylint: unused-argument / Unused argument 'params'
  Line: 37
    pylint: unused-argument / Unused argument 'params'
    pylint: unused-argument / Unused argument 'params'

src\forecastga\googleanalytics\auth\keyring.py
  Line: 21
    pylint: redefined-builtin / Redefining built-in 'set'
    pylint: redefined-builtin / Redefining built-in 'set'

src\forecastga\googleanalytics\auth\oauth.py
  Line: 21
    pylint: arguments-differ / Parameters differ from overridden 'step2_exchange' method (col 4)
    pylint: arguments-differ / Parameters differ from overridden 'step2_exchange' method (col 4)

src\forecastga\googleanalytics\columns.py
  Line: 74
    pylint: redefined-outer-name / Redefining name 'is_deprecated' from outer scope (line 278) (col 8)
  Line: 86
    pylint: dangerous-default-value / Dangerous default value {} as argument (col 4)
  Line: 90
    pylint: redefined-builtin / Redefining built-in 'format' (col 8)
  Line: 109
    pylint: fixme / TODO: evaluate if we can improve casting (col 2)
  Line: 206
    pylint: super-init-not-called / __init__ method from base class 'Column' is not called (col 4)
    pylint: unused-argument / Unused argument 'account' (col 28)
  Line: 226
    pylint: unnecessary-pass / Unnecessary pass statement (col 4)
  Line: 233
    pylint: pointless-string-statement / String statement has no effect

src\forecastga\googleanalytics\query.py
  Line: 1
    pylint: too-many-lines / Too many lines in module (1152/1000)
  Line: 19
    pylint: unused-import / Unused relativedelta imported from dateutil.relativedelta
  Line: 150
    pylint: fixme / TODO: figure out how this works with paginated queries (col 2)
  Line: 192
    pylint: inconsistent-return-statements / Either all return statements in a function should return an expression, or none of them should. (col 4)
    pylint: redefined-builtin / Redefining built-in 'format' (col 24)
  Line: 195
    pylint: no-else-return / Unnecessary "elif" after "return" (col 8)
  Line: 210
    pylint: no-else-return / Unnecessary "else" after "return" (col 12)
  Line: 230
    pylint: no-else-return / Unnecessary "else" after "return" (col 8)
  Line: 242
    pylint: import-outside-toplevel / Import outside toplevel (pandas) (col 8)
  Line: 263
    pylint: fixme / TODO: would be cool if we could split up headers (col 2)
  Line: 270
    pylint: no-else-return / Unnecessary "else" after "return" (col 8)
    pylint: len-as-condition / Do not use `len(SEQUENCE)` without comparison to determine if a sequence is empty (col 11)
  Line: 326
    pylint: fixme / TODO: refactor `raw` into `parameters`, with serialization (col 2)
  Line: 329
    pylint: fixme / TODO: consider whether to pass everything through `Query#set` (col 2)
  Line: 362
    pylint: dangerous-default-value / Dangerous default value {} as argument (col 4)
    pylint: dangerous-default-value / Dangerous default value {} as argument (col 4)
  Line: 415
    pylint: redefined-argument-from-local / Redefining argument with the local name 'key' (col 16)
    pylint: redefined-argument-from-local / Redefining argument with the local name 'value' (col 21)
  Line: 425
    pylint: keyword-arg-before-vararg / Keyword argument before variable positional arguments list in the definition of columns function (col 4)
  Line: 437
    pylint: fixme / TODO: maybe do something smarter, like {granularity} {metrics} (col 2)
  Line: 541
    pylint: no-else-raise / Unnecessary "elif" after "raise" (col 8)
    pylint: len-as-condition / Do not use `len(SEQUENCE)` without comparison to determine if a sequence is empty (col 21)
  Line: 547
    pylint: len-as-condition / Do not use `len(SEQUENCE)` without comparison to determine if a sequence is empty (col 13)
  Line: 565
    pylint: len-as-condition / Do not use `len(SEQUENCE)` without comparison to determine if a sequence is empty (col 11)
  Line: 598
    pylint: broad-except / Catching too general exception Exception (col 19)
  Line: 599
    pylint: no-else-raise / Unnecessary "else" after "raise" (col 16)
  Line: 633
    pylint: no-else-raise / Unnecessary "elif" after "raise" (col 8)
  Line: 681
    pylint: fixme / TODO (?) (col 2)
  Line: 906
    pylint: no-self-use / Method could be a function (col 4)
  Line: 907
    pylint: unused-argument / Unused argument 'first' (col 64)
  Line: 912
    pylint: unused-variable / Unused variable 'method' (col 12)
  Line: 914
    pyflakes: F841 / local variable 'method' is assigned to but never used (col 13)
  Line: 987
    pylint: pointless-string-statement / String statement has no effect
  Line: 989
    pep8: N806 / variable 'SCOPES' in function should be lowercase (col 10)
    pep8: N806 / variable 'SCOPES' in function should be lowercase (col 10)
  Line: 996
    pylint: no-else-raise / Unnecessary "elif" after "raise" (col 8)
    pylint: len-as-condition / Do not use `len(SEQUENCE)` without comparison to determine if a sequence is empty (col 21)
  Line: 1002
    pylint: len-as-condition / Do not use `len(SEQUENCE)` without comparison to determine if a sequence is empty (col 13)
  Line: 1062
    pylint: not-callable / cursor.next is not callable (col 21)
  Line: 1106
    pylint: fixme / TODO: consider moving the blueprint functionality to a separate Python package (col 2)

src\forecastga\googleanalytics\segments.py
  Line: 16
    pylint: redefined-builtin / Redefining built-in 'all'
  Line: 20
    pylint: redefined-builtin / Redefining built-in 'any'

src\forecastga\googleanalytics\utils\__init__.py
  Line: 8
    pyflakes: F401 / '.date' imported but unused (col 1)
  Line: 9
    pyflakes: F401 / '.functional.memoize' imported but unused (col 1)
  Line: 10
    pyflakes: F401 / '.server.single_serve' imported but unused (col 1)
  Line: 11
    pylint: redefined-builtin / Redefining built-in 'format'
    pylint: redefined-builtin / Redefining built-in 'format'
    pyflakes: F401 / '.string.format' imported but unused (col 1)
  Line: 16
    pylint: self-assigning-variable / Assigning the same variable 'basestring' to itself (col 4)
    pylint: self-assigning-variable / Assigning the same variable 'basestring' to itself (col 4)
  Line: 17
    pylint: self-assigning-variable / Assigning the same variable 'unicode' to itself (col 4)
    pylint: self-assigning-variable / Assigning the same variable 'unicode' to itself (col 4)
  Line: 18
    pylint: redefined-builtin / Redefining built-in 'input' (col 4)
    pylint: redefined-builtin / Redefining built-in 'input' (col 4)
  Line: 22
    pylint: self-assigning-variable / Assigning the same variable 'input' to itself (col 4)
    pylint: self-assigning-variable / Assigning the same variable 'input' to itself (col 4)
  Line: 28
    pyflakes: F401 / 'builtins' imported but unused (col 5)
  Line: 29
    pyflakes: F401 / 'io.StringIO' imported but unused (col 5)
  Line: 39
    pep8: E741 / ambiguous variable name 'l' (col 13)
    pep8: E741 / ambiguous variable name 'l' (col 13)
    pep8: E741 / ambiguous variable name 'l' (col 13)
  Line: 45
    pylint: no-else-return / Unnecessary "else" after "return" (col 4)
    pylint: no-else-return / Unnecessary "else" after "return" (col 4)
  Line: 71
    pep8: E731 / do not assign a lambda expression, use a def (col 9)
    pep8: E731 / do not assign a lambda expression, use a def (col 9)
    pep8: E731 / do not assign a lambda expression, use a def (col 9)
  Line: 73
    pep8: E731 / do not assign a lambda expression, use a def (col 9)
    pep8: E731 / do not assign a lambda expression, use a def (col 9)
    pep8: E731 / do not assign a lambda expression, use a def (col 9)
  Line: 84
    pylint: no-else-return / Unnecessary "elif" after "return" (col 4)
    pylint: no-else-return / Unnecessary "elif" after "return" (col 4)
  Line: 85
    pylint: len-as-condition / Do not use `len(SEQUENCE)` without comparison to determine if a sequence is empty (col 15)
    pylint: len-as-condition / Do not use `len(SEQUENCE)` without comparison to determine if a sequence is empty (col 15)
  Line: 87
    pylint: len-as-condition / Do not use `len(SEQUENCE)` without comparison to determine if a sequence is empty (col 15)
    pylint: len-as-condition / Do not use `len(SEQUENCE)` without comparison to determine if a sequence is empty (col 15)

src\forecastga\googleanalytics\utils\date.py
  Line: 10
    pylint: self-assigning-variable / Assigning the same variable 'basestring' to itself (col 4)
    pylint: self-assigning-variable / Assigning the same variable 'basestring' to itself (col 4)
  Line: 16
    pylint: no-else-return / Unnecessary "else" after "return" (col 4)
    pylint: no-else-return / Unnecessary "else" after "return" (col 4)
  Line: 24
    pylint: no-else-return / Unnecessary "else" after "return" (col 8)
    pylint: no-else-return / Unnecessary "else" after "return" (col 8)
  Line: 36
    pylint: no-else-return / Unnecessary "elif" after "return" (col 4)
    pylint: no-else-return / Unnecessary "elif" after "return" (col 4)
  Line: 41
    pep8: W605 / invalid escape sequence '\d' (col 28)
    pep8: W605 / invalid escape sequence '\d' (col 28)
    pep8: W605 / invalid escape sequence '\d' (col 28)
    pylint: anomalous-backslash-in-string / Anomalous backslash in string: '\d'. String constant might be missing an r prefix. (col 1)
    pylint: anomalous-backslash-in-string / Anomalous backslash in string: '\d'. String constant might be missing an r prefix. (col 1)
  Line: 42
    pylint: no-else-return / Unnecessary "else" after "return" (col 8)
    pylint: no-else-return / Unnecessary "else" after "return" (col 8)
  Line: 51
    pylint: no-else-return / Unnecessary "elif" after "return" (col 4)
    pylint: no-else-return / Unnecessary "elif" after "return" (col 4)
    pylint: singleton-comparison / Comparison to None should be 'expr is None' (col 7)
  Line: 69
    pylint: redefined-builtin / Redefining built-in 'range'
    pylint: redefined-builtin / Redefining built-in 'range'
  Line: 76
    pylint: no-else-raise / Unnecessary "else" after "raise" (col 8)
    pylint: no-else-raise / Unnecessary "else" after "raise" (col 8)
  Line: 95
    pep8: E713 / test for membership should be 'not in' (col 12)
    pep8: E713 / test for membership should be 'not in' (col 12)
    pep8: E713 / test for membership should be 'not in' (col 12)

src\forecastga\googleanalytics\utils\functional.py
  Line: 7
    pep8: N801 / class name 'memoize' should use CapWords convention (col 8)
  Line: 62
    pylint: unused-argument / Unused argument 'vargs'
    pylint: unused-argument / Unused argument 'kwargs'
    pylint: unused-argument / Unused argument 'vargs'
    pylint: unused-argument / Unused argument 'kwargs'

src\forecastga\googleanalytics\utils\server.py
  Line: 5
    pylint: import-outside-toplevel / Import outside toplevel (logging) (col 4)
    pylint: import-outside-toplevel / Import outside toplevel (logging) (col 4)
  Line: 6
    pylint: import-outside-toplevel / Import outside toplevel (werkzeug.wrappers.Request, werkzeug.wrappers.Response) (col 4)
    pylint: import-outside-toplevel / Import outside toplevel (werkzeug.wrappers.Request, werkzeug.wrappers.Response) (col 4)
  Line: 7
    pylint: import-outside-toplevel / Import outside toplevel (werkzeug.serving.run_simple) (col 4)
    pylint: import-outside-toplevel / Import outside toplevel (werkzeug.serving.run_simple) (col 4)

src\forecastga\googleanalytics\utils\string.py
  Line: 1
    pylint: cyclic-import / Cyclic import (forecastga.googleanalytics -> forecastga.googleanalytics.blueprint)
  Line: 6
    pylint: self-assigning-variable / Assigning the same variable 'unicode' to itself (col 4)
    pylint: self-assigning-variable / Assigning the same variable 'unicode' to itself (col 4)
  Line: 11
    pylint: redefined-builtin / Redefining built-in 'format'
    pylint: redefined-builtin / Redefining built-in 'format'
  Line: 34
    pylint: no-else-return / Unnecessary "else" after "return" (col 4)
    pylint: no-else-return / Unnecessary "else" after "return" (col 4)
    pylint: len-as-condition / Do not use `len(SEQUENCE)` without comparison to determine if a sequence is empty (col 7)
    pylint: len-as-condition / Do not use `len(SEQUENCE)` without comparison to determine if a sequence is empty (col 7)
  Line: 45
    pylint: no-else-return / Unnecessary "else" after "return" (col 4)
    pylint: no-else-return / Unnecessary "else" after "return" (col 4)
    pylint: len-as-condition / Do not use `len(SEQUENCE)` without comparison to determine if a sequence is empty (col 7)
    pylint: len-as-condition / Do not use `len(SEQUENCE)` without comparison to determine if a sequence is empty (col 7)

src\forecastga\helpers\data.py
  Line: 48
    pep8: E266 / too many leading '#' for block comment (col 1)
  Line: 67
    pep8: E266 / too many leading '#' for block comment (col 1)
  Line: 68
    pep8: E262 / inline comment should start with '# ' (col 41)
  Line: 76
    pep8: E722 / do not use bare 'except' (col 5)
  Line: 161
    pep8: E722 / do not use bare 'except' (col 5)
  Line: 196
    pep8: N802 / function name 'get_unique_N' should be lowercase (col 6)
    pep8: N803 / argument name 'N' should be lowercase (col 29)

src\forecastga\helpers\ssa.py
  Line: 9
    pep8: N801 / class name 'mySSA' should use CapWords convention (col 8)
  Line: 28
    pep8: N803 / argument name 'X' should be lowercase (col 28)
  Line: 48
    pep8: N806 / variable 'L' in function should be lowercase (col 10)
    pep8: N806 / variable 'K' in function should be lowercase (col 10)
  Line: 49
    pep8: N806 / variable 'L_star' in function should be lowercase (col 10)
    pep8: N806 / variable 'K_star' in function should be lowercase (col 10)
  Line: 107
    pep8: N806 / variable 'X' in function should be lowercase (col 10)
  Line: 112
    pep8: N806 / variable 'Vs' in function should be lowercase (col 10)
    pep8: N806 / variable 'Xs' in function should be lowercase (col 10)
    pep8: N806 / variable 'Ys' in function should be lowercase (col 10)
    pep8: N806 / variable 'Zs' in function should be lowercase (col 10)
  Line: 182
    pep8: E722 / do not use bare 'except' (col 13)
  Line: 192
    pep8: N806 / variable 'Pi' in function should be lowercase (col 14)
  Line: 220
    pep8: E203 / whitespace before ':' (col 73)
  Line: 226
    pep8: E203 / whitespace before ':' (col 70)

src\forecastga\models\arima.py
  Line: 12
    pep8: N801 / class name 'ARIMA_Model' should use CapWords convention (col 8)
  Line: 15
    pylint: unused-argument / Unused argument 'kwargs'
  Line: 16
    pylint: attribute-defined-outside-init / Attribute 'model' defined outside __init__ (col 8)
  Line: 19
    pylint: attribute-defined-outside-init / Attribute 'prediction' defined outside __init__ (col 8)

src\forecastga\models\base.py
  Line: 7
    pylint: unused-import / Unused pandas imported as pd
  Line: 8
    pylint: unused-import / Unused import torch

src\forecastga\models\gluonts.py
  Line: 15
    pep8: N801 / class name 'Gluonts_Model' should use CapWords convention (col 8)
  Line: 18
    pylint: unused-argument / Unused argument 'kwargs'
  Line: 21
    pylint: attribute-defined-outside-init / Attribute 'freq' defined outside __init__ (col 8)
  Line: 23
    pylint: attribute-defined-outside-init / Attribute 'freq' defined outside __init__ (col 12)
  Line: 31
    pylint: attribute-defined-outside-init / Attribute 'model' defined outside __init__ (col 8)
  Line: 51
    pylint: attribute-defined-outside-init / Attribute 'prediction' defined outside __init__ (col 8)

src\forecastga\models\hwaas.py
  Line: 12
    pep8: N801 / class name 'HWAAS_Model' should use CapWords convention (col 8)
  Line: 15
    pylint: unused-argument / Unused argument 'kwargs'
  Line: 19
    pylint: attribute-defined-outside-init / Attribute 'model' defined outside __init__ (col 16)
  Line: 27
    pylint: bare-except / No exception type(s) specified (col 12)
  Line: 31
    pylint: attribute-defined-outside-init / Attribute 'prediction' defined outside __init__ (col 8)

src\forecastga\models\hwams.py
  Line: 12
    pep8: N801 / class name 'HWAMS_Model' should use CapWords convention (col 8)
  Line: 15
    pylint: unused-argument / Unused argument 'kwargs'
  Line: 25
    pylint: attribute-defined-outside-init / Attribute 'model' defined outside __init__ (col 16)
  Line: 34
    pylint: bare-except / No exception type(s) specified (col 12)
  Line: 38
    pylint: attribute-defined-outside-init / Attribute 'prediction' defined outside __init__ (col 8)

src\forecastga\models\nbeats.py
  Line: 12
    pep8: N812 / lowercase 'functional' imported as non lowercase 'F' (col 2)
    pep8: N812 / lowercase 'functional' imported as non lowercase 'F' (col 2)
  Line: 26
    pep8: E266 / too many leading '#' for block comment (col 1)
    pep8: E266 / too many leading '#' for block comment (col 1)
  Line: 27
    pep8: N801 / class name 'NBEATS_Model' should use CapWords convention (col 8)
  Line: 79
    pylint: attribute-defined-outside-init / Attribute 'model' defined outside __init__ (col 8)
  Line: 80
    pylint: attribute-defined-outside-init / Attribute 'constant' defined outside __init__ (col 8)
  Line: 82
    pylint: unused-argument / Unused argument 'kwargs'
  Line: 95
    pylint: not-callable / torch.tensor is not callable (col 37)
  Line: 97
    pylint: not-callable / torch.tensor is not callable (col 37)
  Line: 100
    pylint: attribute-defined-outside-init / Attribute 'prediction' defined outside __init__ (col 8)
  Line: 118
    pep8: E203 / whitespace before ':' (col 50)
    pep8: E203 / whitespace before ':' (col 50)
  Line: 119
    pep8: E203 / whitespace before ':' (col 32)
    pep8: E203 / whitespace before ':' (col 32)
  Line: 135
    pylint: not-callable / torch.tensor is not callable (col 30)
  Line: 137
    pylint: not-callable / torch.tensor is not callable (col 26)
  Line: 149
    pylint: no-self-use / Method could be a function (col 4)
  Line: 161
    pylint: no-self-use / Method could be a function (col 4)

src\forecastga\models\prophet.py
  Line: 13
    pep8: N801 / class name 'Prophet_Model' should use CapWords convention (col 8)
  Line: 16
    pylint: unused-argument / Unused argument 'kwargs'
  Line: 23
    pylint: attribute-defined-outside-init / Attribute 'model' defined outside __init__ (col 8)
  Line: 30
    pep8: E203 / whitespace before ':' (col 77)
    pep8: E203 / whitespace before ':' (col 77)
    pylint: attribute-defined-outside-init / Attribute 'prediction' defined outside __init__ (col 8)

src\forecastga\models\pyaf.py
  Line: 7
    pep8: N813 / camelcase 'pyaf.ForecastEngine' imported as lowercase 'autof' (col 2)
    pep8: N813 / camelcase 'pyaf.ForecastEngine' imported as lowercase 'autof' (col 2)
  Line: 12
    pep8: N801 / class name 'PYAF_Model' should use CapWords convention (col 8)
  Line: 15
    pylint: unused-argument / Unused argument 'kwargs'
  Line: 16
    pylint: attribute-defined-outside-init / Attribute 'model' defined outside __init__ (col 8)
    pylint: not-callable / autof is not callable (col 21)
  Line: 28
    pep8: E203 / whitespace before ':' (col 75)
    pep8: E203 / whitespace before ':' (col 75)
    pylint: attribute-defined-outside-init / Attribute 'prediction' defined outside __init__ (col 8)

src\forecastga\models\sarima.py
  Line: 7
    pylint: unused-import / Unused BaseModel imported from base
  Line: 10
    pep8: N801 / class name 'SARIMA_Model' should use CapWords convention (col 8)

src\forecastga\models\sarimax.py
  Line: 7
    pylint: unused-import / Unused BaseModel imported from base
  Line: 10
    pep8: N801 / class name 'SARIMAX_Model' should use CapWords convention (col 8)

src\forecastga\models\tats.py
  Line: 14
    pep8: N801 / class name 'TATS_Model' should use CapWords convention (col 8)
  Line: 17
    pylint: unused-argument / Unused argument 'kwargs'
  Line: 23
    pylint: attribute-defined-outside-init / Attribute 'model' defined outside __init__ (col 8)
  Line: 26
    pylint: attribute-defined-outside-init / Attribute 'prediction' defined outside __init__ (col 8)

src\forecastga\models\tbat.py
  Line: 12
    pep8: N801 / class name 'TBAT_Model' should use CapWords convention (col 8)
  Line: 15
    pylint: unused-argument / Unused argument 'kwargs'
  Line: 17
    pylint: attribute-defined-outside-init / Attribute 'model' defined outside __init__ (col 8)
  Line: 20
    pylint: attribute-defined-outside-init / Attribute 'prediction' defined outside __init__ (col 8)

src\forecastga\models\tbatp1.py
  Line: 12
    pep8: N801 / class name 'TBATP1_Model' should use CapWords convention (col 8)
  Line: 15
    pylint: unused-argument / Unused argument 'kwargs'
  Line: 22
    pylint: attribute-defined-outside-init / Attribute 'model' defined outside __init__ (col 8)
  Line: 25
    pylint: attribute-defined-outside-init / Attribute 'prediction' defined outside __init__ (col 8)

src\forecastga\models\tbats1.py
  Line: 12
    pep8: N801 / class name 'TBATS1_Model' should use CapWords convention (col 8)
  Line: 15
    pylint: unused-argument / Unused argument 'kwargs'
  Line: 22
    pylint: attribute-defined-outside-init / Attribute 'model' defined outside __init__ (col 8)
  Line: 25
    pylint: attribute-defined-outside-init / Attribute 'prediction' defined outside __init__ (col 8)

src\forecastga\models\tbats2.py
  Line: 14
    pep8: N801 / class name 'TBATS2_Model' should use CapWords convention (col 8)
  Line: 17
    pylint: unused-argument / Unused argument 'kwargs'
  Line: 24
    pylint: attribute-defined-outside-init / Attribute 'model' defined outside __init__ (col 8)
  Line: 27
    pylint: attribute-defined-outside-init / Attribute 'prediction' defined outside __init__ (col 8)

src\forecastga\models\template.py
  Line: 7
    pylint: unused-import / Unused BaseModel imported from base
  Line: 10
    pep8: N801 / class name 'ARIMA_Model' should use CapWords convention (col 8)



Check Information
=================
         Started: 2021-01-01 13:23:16.276541
        Finished: 2021-01-01 13:23:34.580930
      Time Taken: 18.30 seconds
       Formatter: grouped
        Profiles: .prospector.yaml, full_pep8, doc_warnings, no_test_warnings, strictness_veryhigh, no_member_warnings
      Strictness: from profile
  Libraries Used:
       Tools Run: dodgy, mccabe, pep8, profile-validator, pyflakes, pylint
  Messages Found: 259
